# JRE version: OpenJDK Runtime Environment (21.0.8) (build 21.0.8+-14196175-b1038.72)
# Java VM: OpenJDK 64-Bit Server VM (21.0.8+-14196175-b1038.72, mixed mode, tiered, compressed oops, compressed class ptrs, g1 gc, windows-amd64)
GC Precious Log:
 CardTable entry size: 512
 Card Set container configuration: InlinePtr #cards 5 size 8 Array Of Cards #cards 12 size 40 Howl #buckets 4 coarsen threshold 1843 Howl Bitmap #cards 512 size 80 coarsen threshold 460 Card regions per heap region 1 cards per card region 2048
 CPUs: 12 total, 12 available
 Memory: 16092M
 Large Page Support: Disabled
 NUMA Support: Disabled
 Compressed Oops: Enabled (32-bit)
 Heap Region Size: 1M
 Heap Min Capacity: 8M
 Heap Initial Capacity: 252M
 Heap Max Capacity: 2G
 Pre-touch: Disabled
 Parallel Workers: 10
 Concurrent Workers: 3
 Concurrent Refinement Workers: 10
 Periodic GC: Disabled
Heap:
 garbage-first heap   total 163840K, used 118413K [0x0000000080000000, 0x0000000100000000)
  region size 1024K, 21 young (21504K), 7 survivors (7168K)
 Metaspace       used 74756K, committed 76544K, reserved 1114112K
  class space    used 10545K, committed 11392K, reserved 1048576K
GC Heap History (20 events):
Event: 22.582 GC heap before
{Heap before GC invocations=11 (full 0):
 garbage-first heap   total 90112K, used 80289K [0x0000000080000000, 0x0000000100000000)
  region size 1024K, 19 young (19456K), 1 survivors (1024K)
 Metaspace       used 42673K, committed 43584K, reserved 1114112K
  class space    used 5971K, committed 6400K, reserved 1048576K
}
Event: 22.585 GC heap after
{Heap after GC invocations=12 (full 0):
 garbage-first heap   total 90112K, used 64580K [0x0000000080000000, 0x0000000100000000)
  region size 1024K, 3 young (3072K), 3 survivors (3072K)
 Metaspace       used 42673K, committed 43584K, reserved 1114112K
  class space    used 5971K, committed 6400K, reserved 1048576K
}
Event: 23.126 GC heap before
{Heap before GC invocations=13 (full 0):
 garbage-first heap   total 109568K, used 78916K [0x0000000080000000, 0x0000000100000000)
  region size 1024K, 18 young (18432K), 3 survivors (3072K)
 Metaspace       used 46432K, committed 47424K, reserved 1114112K
  class space    used 6395K, committed 6848K, reserved 1048576K
}
Event: 23.131 GC heap after
{Heap after GC invocations=14 (full 0):
 garbage-first heap   total 143360K, used 66948K [0x0000000080000000, 0x0000000100000000)
  region size 1024K, 3 young (3072K), 3 survivors (3072K)
 Metaspace       used 46432K, committed 47424K, reserved 1114112K
  class space    used 6395K, committed 6848K, reserved 1048576K
}
Event: 24.568 GC heap before
{Heap before GC invocations=14 (full 0):
 garbage-first heap   total 143360K, used 125316K [0x0000000080000000, 0x0000000100000000)
  region size 1024K, 56 young (57344K), 3 survivors (3072K)
 Metaspace       used 50922K, committed 52032K, reserved 1114112K
  class space    used 6978K, committed 7488K, reserved 1048576K
}
Event: 24.573 GC heap after
{Heap after GC invocations=15 (full 0):
 garbage-first heap   total 143360K, used 69709K [0x0000000080000000, 0x0000000100000000)
  region size 1024K, 6 young (6144K), 6 survivors (6144K)
 Metaspace       used 50922K, committed 52032K, reserved 1114112K
  class space    used 6978K, committed 7488K, reserved 1048576K
}
Event: 26.754 GC heap before
{Heap before GC invocations=15 (full 0):
 garbage-first heap   total 143360K, used 123981K [0x0000000080000000, 0x0000000100000000)
  region size 1024K, 59 young (60416K), 6 survivors (6144K)
 Metaspace       used 57356K, committed 58816K, reserved 1114112K
  class space    used 8104K, committed 8832K, reserved 1048576K
}
Event: 26.759 GC heap after
{Heap after GC invocations=16 (full 0):
 garbage-first heap   total 143360K, used 72584K [0x0000000080000000, 0x0000000100000000)
  region size 1024K, 3 young (3072K), 3 survivors (3072K)
 Metaspace       used 57356K, committed 58816K, reserved 1114112K
  class space    used 8104K, committed 8832K, reserved 1048576K
}
Event: 27.056 GC heap before
{Heap before GC invocations=16 (full 0):
 garbage-first heap   total 143360K, used 76680K [0x0000000080000000, 0x0000000100000000)
  region size 1024K, 8 young (8192K), 3 survivors (3072K)
 Metaspace       used 57551K, committed 59072K, reserved 1114112K
  class space    used 8132K, committed 8832K, reserved 1048576K
}
Event: 27.064 GC heap after
{Heap after GC invocations=17 (full 0):
 garbage-first heap   total 143360K, used 73976K [0x0000000080000000, 0x0000000100000000)
  region size 1024K, 5 young (5120K), 5 survivors (5120K)
 Metaspace       used 57551K, committed 59072K, reserved 1114112K
  class space    used 8132K, committed 8832K, reserved 1048576K
}
Event: 31.212 GC heap before
{Heap before GC invocations=18 (full 0):
 garbage-first heap   total 143360K, used 139512K [0x0000000080000000, 0x0000000100000000)
  region size 1024K, 52 young (53248K), 5 survivors (5120K)
 Metaspace       used 60536K, committed 62144K, reserved 1114112K
  class space    used 8416K, committed 9152K, reserved 1048576K
}
Event: 31.233 GC heap after
{Heap after GC invocations=19 (full 0):
 garbage-first heap   total 151552K, used 95530K [0x0000000080000000, 0x0000000100000000)
  region size 1024K, 7 young (7168K), 7 survivors (7168K)
 Metaspace       used 60536K, committed 62144K, reserved 1114112K
  class space    used 8416K, committed 9152K, reserved 1048576K
}
Event: 32.604 GC heap before
{Heap before GC invocations=19 (full 0):
 garbage-first heap   total 151552K, used 134442K [0x0000000080000000, 0x0000000100000000)
  region size 1024K, 45 young (46080K), 7 survivors (7168K)
 Metaspace       used 63786K, committed 65408K, reserved 1114112K
  class space    used 8900K, committed 9664K, reserved 1048576K
}
Event: 32.610 GC heap after
{Heap after GC invocations=20 (full 0):
 garbage-first heap   total 151552K, used 96353K [0x0000000080000000, 0x0000000100000000)
  region size 1024K, 3 young (3072K), 3 survivors (3072K)
 Metaspace       used 63786K, committed 65408K, reserved 1114112K
  class space    used 8900K, committed 9664K, reserved 1048576K
}
Event: 34.409 GC heap before
{Heap before GC invocations=20 (full 0):
 garbage-first heap   total 151552K, used 136289K [0x0000000080000000, 0x0000000100000000)
  region size 1024K, 42 young (43008K), 3 survivors (3072K)
 Metaspace       used 68868K, committed 70528K, reserved 1114112K
  class space    used 9681K, committed 10496K, reserved 1048576K
}
Event: 34.414 GC heap after
{Heap after GC invocations=21 (full 0):
 garbage-first heap   total 151552K, used 99232K [0x0000000080000000, 0x0000000100000000)
  region size 1024K, 5 young (5120K), 5 survivors (5120K)
 Metaspace       used 68868K, committed 70528K, reserved 1114112K
  class space    used 9681K, committed 10496K, reserved 1048576K
}
Event: 37.405 GC heap before
{Heap before GC invocations=22 (full 0):
 garbage-first heap   total 163840K, used 136124K [0x0000000080000000, 0x0000000100000000)
  region size 1024K, 43 young (44032K), 5 survivors (5120K)
 Metaspace       used 72674K, committed 74432K, reserved 1114112K
  class space    used 10314K, committed 11136K, reserved 1048576K
}
Event: 37.415 GC heap after
{Heap after GC invocations=23 (full 0):
 garbage-first heap   total 163840K, used 100262K [0x0000000080000000, 0x0000000100000000)
  region size 1024K, 3 young (3072K), 3 survivors (3072K)
 Metaspace       used 72674K, committed 74432K, reserved 1114112K
  class space    used 10314K, committed 11136K, reserved 1048576K
}
Event: 40.756 GC heap before
{Heap before GC invocations=23 (full 0):
 garbage-first heap   total 163840K, used 147366K [0x0000000080000000, 0x0000000100000000)
  region size 1024K, 50 young (51200K), 3 survivors (3072K)
 Metaspace       used 74701K, committed 76480K, reserved 1114112K
  class space    used 10545K, committed 11392K, reserved 1048576K
}
Event: 40.761 GC heap after
{Heap after GC invocations=24 (full 0):
 garbage-first heap   total 163840K, used 106125K [0x0000000080000000, 0x0000000100000000)
  region size 1024K, 7 young (7168K), 7 survivors (7168K)
 Metaspace       used 74701K, committed 76480K, reserved 1114112K
  class space    used 10545K, committed 11392K, reserved 1048576K
}

